This is pdfTeX, Version 3.1415926-2.4-1.40.13 (MiKTeX 2.9 64-bit) (preloaded format=pdflatex 2014.5.17)  12 MAY 2015 20:17
entering extended mode
**Derg6.tex

("C:\Users\Î“ÎµÏÏÎ³Î¹Î¿Ï‚\Desktop\Î•ÎœÎ \HMMY\6Î¿ Î•Î¾Î¬Î¼Î·Î½Î¿\Î¡Î¿Î® Î”\Î”Î¯ÎºÏ„Ï…Î± Î•Ï€Î¹ÎºÎ¿Î¹Î½Ï‰Î½Î¹ÏÎ½\Î‘ÏƒÎ
ºÎ®ÏƒÎµÎ¹Ï‚\Derg6\Derg6.tex"
LaTeX2e <2011/06/27>
Babel <v3.8m> and hyphenation patterns for english, afrikaans, ancientgreek, arabic, armenian, assamese, basque, bengali
, bokmal, bulgarian, catalan, coptic, croatian, czech, danish, dutch, esperanto, estonian, farsi, finnish, french, galic
ian, german, german-x-2012-05-30, greek, gujarati, hindi, hungarian, icelandic, indonesian, interlingua, irish, italian,
 kannada, kurmanji, latin, latvian, lithuanian, malayalam, marathi, mongolian, mongolianlmc, monogreek, ngerman, ngerman
-x-2012-05-30, nynorsk, oriya, panjabi, pinyin, polish, portuguese, romanian, russian, sanskrit, serbian, slovak, sloven
ian, spanish, swedish, swissgerman, tamil, telugu, turkish, turkmen, ukenglish, ukrainian, uppersorbian, usenglishmax, w
elsh, loaded.
("C:\Program Files\MiKTeX 2.9\tex\latex\base\article.cls"
Document Class: article 2007/10/19 v1.4h Standard LaTeX document class
("C:\Program Files\MiKTeX 2.9\tex\latex\base\size10.clo"
File: size10.clo 2007/10/19 v1.4h Standard LaTeX file (size option)
)
\c@part=\count79
\c@section=\count80
\c@subsection=\count81
\c@subsubsection=\count82
\c@paragraph=\count83
\c@subparagraph=\count84
\c@figure=\count85
\c@table=\count86
\abovecaptionskip=\skip41
\belowcaptionskip=\skip42
\bibindent=\dimen102
) ("C:\Program Files\MiKTeX 2.9\tex\latex\amsmath\amsmath.sty"
Package: amsmath 2013/01/14 v2.14 AMS math features
\@mathmargin=\skip43

For additional information on amsmath, use the `?' option.
("C:\Program Files\MiKTeX 2.9\tex\latex\amsmath\amstext.sty"
Package: amstext 2000/06/29 v2.01
 ("C:\Program Files\MiKTeX 2.9\tex\latex\amsmath\amsgen.sty"
File: amsgen.sty 1999/11/30 v2.0
\@emptytoks=\toks14
\ex@=\dimen103
)) ("C:\Program Files\MiKTeX 2.9\tex\latex\amsmath\amsbsy.sty"
Package: amsbsy 1999/11/29 v1.2d
\pmbraise@=\dimen104
)
("C:\Program Files\MiKTeX 2.9\tex\latex\amsmath\amsopn.sty"
Package: amsopn 1999/12/14 v2.01 operator names
)
\inf@bad=\count87
LaTeX Info: Redefining \frac on input line 210.
\uproot@=\count88
\leftroot@=\count89
LaTeX Info: Redefining \overline on input line 306.
\classnum@=\count90
\DOTSCASE@=\count91
LaTeX Info: Redefining \ldots on input line 378.
LaTeX Info: Redefining \dots on input line 381.
LaTeX Info: Redefining \cdots on input line 466.
\Mathstrutbox@=\box26
\strutbox@=\box27
\big@size=\dimen105
LaTeX Font Info:    Redeclaring font encoding OML on input line 566.
LaTeX Font Info:    Redeclaring font encoding OMS on input line 567.
\macc@depth=\count92
\c@MaxMatrixCols=\count93
\dotsspace@=\muskip10
\c@parentequation=\count94
\dspbrk@lvl=\count95
\tag@help=\toks15
\row@=\count96
\column@=\count97
\maxfields@=\count98
\andhelp@=\toks16
\eqnshift@=\dimen106
\alignsep@=\dimen107
\tagshift@=\dimen108
\tagwidth@=\dimen109
\totwidth@=\dimen110
\lineht@=\dimen111
\@envbody=\toks17
\multlinegap=\skip44
\multlinetaggap=\skip45
\mathdisplay@stack=\toks18
LaTeX Info: Redefining \[ on input line 2665.
LaTeX Info: Redefining \] on input line 2666.
)
("C:\Program Files\MiKTeX 2.9\tex\latex\amsfonts\amsfonts.sty"
Package: amsfonts 2013/01/14 v3.01 Basic AMSFonts support
\symAMSa=\mathgroup4
\symAMSb=\mathgroup5
LaTeX Font Info:    Overwriting math alphabet `\mathfrak' in version `bold'
(Font)                  U/euf/m/n --> U/euf/b/n on input line 106.
)
("C:\Program Files\MiKTeX 2.9\tex\latex\amsfonts\amssymb.sty"
Package: amssymb 2013/01/14 v3.01 AMS font symbols
)
("C:\Program Files\MiKTeX 2.9\tex\latex\graphics\graphicx.sty"
Package: graphicx 1999/02/16 v1.0f Enhanced LaTeX Graphics (DPC,SPQR)

("C:\Program Files\MiKTeX 2.9\tex\latex\graphics\keyval.sty"
Package: keyval 1999/03/16 v1.13 key=value parser (DPC)
\KV@toks@=\toks19
)
("C:\Program Files\MiKTeX 2.9\tex\latex\graphics\graphics.sty"
Package: graphics 2009/02/05 v1.0o Standard LaTeX Graphics (DPC,SPQR)
 ("C:\Program Files\MiKTeX 2.9\tex\latex\graphics\trig.sty"
Package: trig 1999/03/16 v1.09 sin cos tan (DPC)
) ("C:\Program Files\MiKTeX 2.9\tex\latex\00miktex\graphics.cfg"
File: graphics.cfg 2007/01/18 v1.5 graphics configuration of teTeX/TeXLive
)
Package graphics Info: Driver file: pdftex.def on input line 91.

("C:\Program Files\MiKTeX 2.9\tex\latex\pdftex-def\pdftex.def"
File: pdftex.def 2011/05/27 v0.06d Graphics/color for pdfTeX

("C:\Program Files\MiKTeX 2.9\tex\generic\oberdiek\infwarerr.sty"
Package: infwarerr 2010/04/08 v1.3 Providing info/warning/error messages (HO)
)
("C:\Program Files\MiKTeX 2.9\tex\generic\oberdiek\ltxcmds.sty"
Package: ltxcmds 2011/11/09 v1.22 LaTeX kernel commands for general use (HO)
)
\Gread@gobject=\count99
))
\Gin@req@height=\dimen112
\Gin@req@width=\dimen113
)
("C:\Program Files\MiKTeX 2.9\tex\generic\babel\babel.sty"
Package: babel 2008/07/08 v3.8m The Babel package

*************************************
* Local config file bblopts.cfg used
*
("C:\Program Files\MiKTeX 2.9\tex\latex\00miktex\bblopts.cfg"
File: bblopts.cfg 2006/07/31 v1.0 MiKTeX 'babel' configuration
)
("C:\Program Files\MiKTeX 2.9\tex\generic\babel\english.ldf"
Language: english 2005/03/30 v3.3o English support from the babel system
 ("C:\Program Files\MiKTeX 2.9\tex\generic\babel\babel.def"
File: babel.def 2008/07/08 v3.8m Babel common definitions
\babel@savecnt=\count100
\U@D=\dimen114
)
\l@canadian = a dialect from \language\l@american 
\l@australian = a dialect from \language\l@british 
\l@newzealand = a dialect from \language\l@british 
) ("C:\Program Files\MiKTeX 2.9\tex\generic\babel\greek.ldf"
Language: greek 2005/03/30 v1.3l Greek support from the babel system
 Loading the definitions for the Greek font encoding
("C:\Program Files\MiKTeX 2.9\tex\generic\babel\lgrenc.def"
File: lgrenc.def 2008/06/17 v2.3 Greek Encoding
))) ("C:\Program Files\MiKTeX 2.9\tex\latex\base\inputenc.sty"
Package: inputenc 2008/03/30 v1.1d Input encoding file
\inpenc@prehook=\toks20
\inpenc@posthook=\toks21
 ("C:\Program Files\MiKTeX 2.9\tex\latex\ucs\utf8x.def"
File: utf8x.def 2004/10/17 UCS: Input encoding UTF-8
)) ("C:\Program Files\MiKTeX 2.9\tex\latex\ucs\ucs.sty"
Package: ucs 2013/05/11 v2.2 UCS: Unicode input support

("C:\Program Files\MiKTeX 2.9\tex\latex\ucs\uni-global.def"
File: uni-global.def 2013/05/13 UCS: Unicode global data
)
\uc@secondtry=\count101
\uc@combtoks=\toks22
\uc@combtoksb=\toks23
\uc@temptokena=\toks24
)
("C:\Program Files\MiKTeX 2.9\tex\latex\listings\listings.sty"
\lst@mode=\count102
\lst@gtempboxa=\box28
\lst@token=\toks25
\lst@length=\count103
\lst@currlwidth=\dimen115
\lst@column=\count104
\lst@pos=\count105
\lst@lostspace=\dimen116
\lst@width=\dimen117
\lst@newlines=\count106
\lst@lineno=\count107
\lst@maxwidth=\dimen118

("C:\Program Files\MiKTeX 2.9\tex\latex\listings\lstmisc.sty"
File: lstmisc.sty 2014/03/04 1.5c (Carsten Heinz)
\c@lstnumber=\count108
\lst@skipnumbers=\count109
\lst@framebox=\box29
)
("C:\Program Files\MiKTeX 2.9\tex\latex\listings\listings.cfg"
File: listings.cfg 2014/03/04 1.5c listings configuration
))
Package: listings 2014/03/04 1.5c (Carsten Heinz)

("C:\Program Files\MiKTeX 2.9\tex\latex\lipsum\lipsum.sty"
Package: lipsum 2014/07/27 v1.3 150 paragraphs of Lorem Ipsum dummy text
\c@lips@count=\count110
)
("C:\Users\Î“ÎµÏÏÎ³Î¹Î¿Ï‚\Desktop\Î•ÎœÎ \HMMY\6Î¿ Î•Î¾Î¬Î¼Î·Î½Î¿\Î¡Î¿Î® Î”\Î”Î¯ÎºÏ„Ï…Î± Î•Ï€Î¹ÎºÎ¿Î¹Î½Ï‰Î½Î¹ÏÎ½\Î‘ÏƒÎ
ºÎ®ÏƒÎµÎ¹Ï‚\Derg6\Derg6.aux"
LaTeX Font Info:    Try loading font information for LGR+cmr on input line 2.
 ("C:\Program Files\MiKTeX 2.9\tex\generic\babel\lgrcmr.fd"
File: lgrcmr.fd 2008/06/17 v2.3 Greek Computer Modern
))
LaTeX Font Info:    Checking defaults for OML/cmm/m/it on input line 11.
LaTeX Font Info:    ... okay on input line 11.
LaTeX Font Info:    Checking defaults for T1/cmr/m/n on input line 11.
LaTeX Font Info:    ... okay on input line 11.
LaTeX Font Info:    Checking defaults for OT1/cmr/m/n on input line 11.
LaTeX Font Info:    ... okay on input line 11.
LaTeX Font Info:    Checking defaults for OMS/cmsy/m/n on input line 11.
LaTeX Font Info:    ... okay on input line 11.
LaTeX Font Info:    Checking defaults for OMX/cmex/m/n on input line 11.
LaTeX Font Info:    ... okay on input line 11.
LaTeX Font Info:    Checking defaults for U/cmr/m/n on input line 11.
LaTeX Font Info:    ... okay on input line 11.
LaTeX Font Info:    Checking defaults for LGR/cmr/m/n on input line 11.
LaTeX Font Info:    ... okay on input line 11.

("C:\Program Files\MiKTeX 2.9\tex\context\base\supp-pdf.mkii"
[Loading MPS to PDF converter (version 2006.09.02).]
\scratchcounter=\count111
\scratchdimen=\dimen119
\scratchbox=\box30
\nofMPsegments=\count112
\nofMParguments=\count113
\everyMPshowfont=\toks26
\MPscratchCnt=\count114
\MPscratchDim=\dimen120
\MPnumerator=\count115
\makeMPintoPDFobject=\count116
\everyMPtoPDFconversion=\toks27
) ("C:\Program Files\MiKTeX 2.9\tex\latex\ucs\ucsencs.def"
File: ucsencs.def 2011/01/21 Fixes to fontencodings LGR, T3

fontencoding LGR patched
)
\c@lstlisting=\count117
 ("C:\Program Files\MiKTeX 2.9\tex\latex\ucs\uni-3.def"
File: uni-3.def 2013/05/13 UCS: Unicode data U+0300..U+03FF
)
Missing character: There is no › in font grmn1728!
Missing character: There is no › in font grmn1728!
Missing character: There is no › in font grmn1728!
Missing character: There is no › in font grxn1728!
 ("C:\Program Files\MiKTeX 2.9\tex\latex\ucs\uni-34.def"
File: uni-34.def 2013/05/13 UCS: Unicode data U+2200..U+22FF
)
LaTeX Font Info:    Try loading font information for U+msa on input line 20.

("C:\Program Files\MiKTeX 2.9\tex\latex\amsfonts\umsa.fd"
File: umsa.fd 2013/01/14 v3.01 AMS symbols A
)
LaTeX Font Info:    Try loading font information for U+msb on input line 20.
 ("C:\Program Files\MiKTeX 2.9\tex\latex\amsfonts\umsb.fd"
File: umsb.fd 2013/01/14 v3.01 AMS symbols B
)
Missing character: There is no › in font grmn1200!
Missing character: There is no › in font grmn1000!
Missing character: There is no › in font grmn1000!
Missing character: There is no › in font grmn1000!
Missing character: There is no › in font grmn1000!
Missing character: There is no › in font grmn1000!
Missing character: There is no › in font grmn1000!
Missing character: There is no › in font grmn1000!
Missing character: There is no › in font grmn1000!
Missing character: There is no › in font grmn1000!
Missing character: There is no › in font grmn1000!
Missing character: There is no › in font grmn1000!
Missing character: There is no › in font grmn1000!
Missing character: There is no › in font grmn1000!
Missing character: There is no › in font grmn1000!
Missing character: There is no › in font grmn1000!
Missing character: There is no › in font grmn1000!

Underfull \hbox (badness 10000) in paragraph at lines 22--27

 []

Missing character: There is no › in font grxn1200!
Missing character: There is no › in font grmn1000!
Missing character: There is no › in font grmn1000!
Missing character: There is no › in font grmn1000!
Missing character: There is no › in font grmn1000!
Missing character: There is no › in font grmn1000!
Missing character: There is no › in font grmn1000!
Missing character: There is no › in font grmn1000!
Missing character: There is no › in font grmn1000!
Missing character: There is no › in font grmn1000!
LaTeX Font Info:    Try loading font information for OMS+cmr on input line 34.
("C:\Program Files\MiKTeX 2.9\tex\latex\base\omscmr.fd"
File: omscmr.fd 1999/05/25 v2.5h Standard LaTeX font definitions
)
LaTeX Font Info:    Font shape `OMS/cmr/m/n' in size <10> not available
(Font)              Font shape `OMS/cmsy/m/n' tried instead on input line 34.
Missing character: There is no › in font grmn1000!
Missing character: There is no › in font grmn1000!
Missing character: There is no › in font grmn1000!
Missing character: There is no › in font grmn1000!
Missing character: There is no › in font grmn1000!
Missing character: There is no › in font grmn1000!
Missing character: There is no › in font grmn1000!
Missing character: There is no › in font grmn1000!
Missing character: There is no › in font grmn1000!
Missing character: There is no › in font grmn1000!
Missing character: There is no › in font grmn1000!
Missing character: There is no › in font grmn1000!
Missing character: There is no › in font grmn1000!
Missing character: There is no › in font grmn1000!
Missing character: There is no › in font grmn1000!
Missing character: There is no › in font grmn1000!
Missing character: There is no › in font grmn1000!
Missing character: There is no › in font grmn1000!
Missing character: There is no › in font grmn1000!
Missing character: There is no › in font grmn1000!
Missing character: There is no › in font grmn1000!
Missing character: There is no › in font grmn1000!
Missing character: There is no › in font grmn1000!
Missing character: There is no › in font grmn1000!
Missing character: There is no › in font grmn1000!
Missing character: There is no › in font grmn1000!
Missing character: There is no › in font grmn1000!
Missing character: There is no › in font grmn1000!
Missing character: There is no › in font grmn1000!
Missing character: There is no › in font grmn1000!
 [1

{C:/ProgramData/MiKTeX/2.9/pdftex/config/pdftex.map}]
Missing character: There is no › in font grmn1000!

<1.png, id=18, 864.22874pt x 438.13687pt>
File: 1.png Graphic file (type png)
 <use 1.png>
Package pdftex.def Info: 1.png used on input line 89.
(pdftex.def)             Requested size: 241.49895pt x 122.43011pt.
Missing character: There is no › in font grmn1000!
Missing character: There is no › in font grmn1000!
 <2.png, id=19, 887.56593pt x 448.67625pt>
File: 2.png Graphic file (type png)
 <use 2.png>
Package pdftex.def Info: 2.png used on input line 96.
(pdftex.def)             Requested size: 241.49895pt x 122.07529pt.
Missing character: There is no › in font grmn1000!
Missing character: There is no › in font grmn1000!
Missing character: There is no › in font grmn1000!

<3.png, id=20, 854.44218pt x 441.14813pt>
File: 3.png Graphic file (type png)
 <use 3.png>
Package pdftex.def Info: 3.png used on input line 103.
(pdftex.def)             Requested size: 241.49895pt x 124.68515pt.
 [2] [3 <C:/Users/Î“ÎµÏÏÎ³Î¹Î¿Ï‚/Desktop/Î•ÎœÎ /HMMY/6Î¿ Î•Î¾Î¬Î¼Î·Î½Î¿/Î¡Î¿Î® Î”/Î”Î¯ÎºÏ„Ï…Î± Î•Ï€Î¹ÎºÎ¿Î¹Î½Ï‰Î½Î¹ÏÎ
½/Î‘ÏƒÎºÎ®ÏƒÎµÎ¹Ï‚/Derg6/1.png> <C:/Users/Î“ÎµÏÏÎ³Î¹Î¿Ï‚/Desktop/Î•ÎœÎ /HMMY/6Î¿ Î•Î¾Î¬Î¼Î·Î½Î¿/Î¡Î¿Î® Î”/Î”Î¯ÎºÏ„Ï…Î±
 Î•Ï€Î¹ÎºÎ¿Î¹Î½Ï‰Î½Î¹ÏÎ½/Î‘ÏƒÎºÎ®ÏƒÎµÎ¹Ï‚/Derg6/2.png> <C:/Users/Î“ÎµÏÏÎ³Î¹Î¿Ï‚/Desktop/Î•ÎœÎ /HMMY/6Î¿ Î•Î¾Î¬Î¼Î·Î½Î
¿/Î¡Î¿Î® Î”/Î”Î¯ÎºÏ„Ï…Î± Î•Ï€Î¹ÎºÎ¿Î¹Î½Ï‰Î½Î¹ÏÎ½/Î‘ÏƒÎºÎ®ÏƒÎµÎ¹Ï‚/Derg6/3.png>]
Missing character: There is no › in font grmn1000!
Missing character: There is no › in font grmn1000!
Missing character: There is no › in font grmn1000!
Missing character: There is no › in font grmn1000!
Missing character: There is no › in font grmn1000!
Missing character: There is no › in font grmn1000!
Missing character: There is no › in font grmn1000!
Missing character: There is no › in font grmn1000!
Missing character: There is no › in font grmn1000!
Missing character: There is no › in font grmn1000!
Missing character: There is no › in font grmn1000!
Missing character: There is no › in font grmn1000!
Missing character: There is no › in font grmn1000!
Missing character: There is no › in font grmn1000!
Missing character: There is no › in font grmn1000!
Missing character: There is no › in font grmn1000!
Missing character: There is no › in font grmn1000!
Missing character: There is no › in font grmn1000!
Missing character: There is no › in font grmn1000!
Missing character: There is no › in font grmn1000!
Missing character: There is no › in font grmn1000!
Missing character: There is no › in font grmn1000!
Missing character: There is no › in font grmn1000!
Missing character: There is no › in font grmn1000!
Missing character: There is no › in font grmn1000!
Missing character: There is no › in font grmn1000!
Missing character: There is no › in font grmn1000!
Missing character: There is no › in font grmn1000!
Missing character: There is no › in font grxn1200!
Missing character: There is no › in font grxn1200!

Underfull \hbox (badness 10000) in paragraph at lines 113--114

 []

Missing character: There is no › in font grmn1000!
Missing character: There is no › in font grmn1000!
Missing character: There is no › in font grmn1000!
Missing character: There is no › in font grmn1000!
Missing character: There is no › in font grmn1000!
Missing character: There is no › in font grmn1000!
Missing character: There is no › in font grmn1000!
Missing character: There is no › in font grmn1000!

Overfull \hbox (5.23181pt too wide) in paragraph at lines 117--125
[][] 
 []

<4.png, id=28, 869.49844pt x 447.17062pt>
File: 4.png Graphic file (type png)
 <use 4.png>
Package pdftex.def Info: 4.png used on input line 128.
(pdftex.def)             Requested size: 241.49895pt x 124.19707pt.
Missing character: There is no › in font grmn1000!
Missing character: There is no › in font grmn1000!
 <5.png, id=29, 855.195pt x 449.42906pt>
File: 5.png Graphic file (type png)
 <use 5.png>
Package pdftex.def Info: 5.png used on input line 135.
(pdftex.def)             Requested size: 241.49895pt x 126.90907pt.
Missing character: There is no › in font grmn1000!
Missing character: There is no › in font grmn1000!
Missing character: There is no › in font grmn1000!

<6.png, id=30, 855.195pt x 449.42906pt>
File: 6.png Graphic file (type png)
 <use 6.png>
Package pdftex.def Info: 6.png used on input line 143.
(pdftex.def)             Requested size: 241.49895pt x 126.90907pt.
Missing character: There is no › in font grmn1000!
Missing character: There is no › in font grmn1000!
 [4 <C:/Users/Î“ÎµÏÏÎ³Î¹Î¿Ï‚/Desktop/Î•ÎœÎ /HMMY/6Î¿ Î•Î¾Î¬Î¼Î·Î½Î¿/Î¡Î¿Î® Î”/Î”Î¯ÎºÏ„Ï…Î± Î•Ï€Î¹ÎºÎ¿Î¹Î½Ï‰Î½Î¹ÏÎ½/Î‘
ÏƒÎºÎ®ÏƒÎµÎ¹Ï‚/Derg6/4.png>] [5 <C:/Users/Î“ÎµÏÏÎ³Î¹Î¿Ï‚/Desktop/Î•ÎœÎ /HMMY/6Î¿ Î•Î¾Î¬Î¼Î·Î½Î¿/Î¡Î¿Î® Î”/Î”Î¯ÎºÏ„Ï…Î±
 Î•Ï€Î¹ÎºÎ¿Î¹Î½Ï‰Î½Î¹ÏÎ½/Î‘ÏƒÎºÎ®ÏƒÎµÎ¹Ï‚/Derg6/5.png> <C:/Users/Î“ÎµÏÏÎ³Î¹Î¿Ï‚/Desktop/Î•ÎœÎ /HMMY/6Î¿ Î•Î¾Î¬Î¼Î·Î½Î
¿/Î¡Î¿Î® Î”/Î”Î¯ÎºÏ„Ï…Î± Î•Ï€Î¹ÎºÎ¿Î¹Î½Ï‰Î½Î¹ÏÎ½/Î‘ÏƒÎºÎ®ÏƒÎµÎ¹Ï‚/Derg6/6.png>]
Missing character: There is no › in font grmn1000!
Missing character: There is no › in font grmn1000!
Missing character: There is no › in font grmn1000!
Missing character: There is no › in font grmn1000!
Missing character: There is no › in font grmn1000!
Missing character: There is no › in font grmn1000!
Missing character: There is no › in font grmn1000!
Missing character: There is no › in font grmn1000!
Missing character: There is no › in font grmn1000!
Missing character: There is no › in font grmn1000!
Missing character: There is no › in font grmn1000!
Missing character: There is no › in font grmn1000!
Missing character: There is no › in font grmn1000!
Missing character: There is no › in font grmn1000!
Missing character: There is no › in font grmn1000!
Missing character: There is no › in font grmn1000!
Missing character: There is no › in font grmn1000!
Missing character: There is no › in font grmn1000!
Missing character: There is no › in font grmn1000!
Missing character: There is no › in font grmn1000!
Missing character: There is no › in font grmn1000!
Missing character: There is no › in font grmn1000!
Missing character: There is no › in font grmn1000!
 [6]
("C:\Users\Î“ÎµÏÏÎ³Î¹Î¿Ï‚\Desktop\Î•ÎœÎ \HMMY\6Î¿ Î•Î¾Î¬Î¼Î·Î½Î¿\Î¡Î¿Î® Î”\Î”Î¯ÎºÏ„Ï…Î± Î•Ï€Î¹ÎºÎ¿Î¹Î½Ï‰Î½Î¹ÏÎ½\Î‘ÏƒÎ
ºÎ®ÏƒÎµÎ¹Ï‚\Derg6\Derg6.aux") ) 
Here is how much of TeX's memory you used:
 5605 strings out of 493921
 76115 string characters out of 3147249
 225281 words of memory out of 3000000
 8829 multiletter control sequences out of 15000+200000
 16174 words of font info for 54 fonts, out of 3000000 for 9000
 841 hyphenation exceptions out of 8191
 29i,8n,32p,1162b,617s stack positions out of 5000i,500n,10000p,200000b,50000s
<C:/Program Files/MiKTeX 2.9/fonts/type1/public/amsfonts/cm/cmbx12.pfb><C:/Program Files/
MiKTeX 2.9/fonts/type1/public/amsfonts/cm/cmmi10.pfb><C:/Program Files/MiKTeX 2.9/fonts/type1/public/amsfonts/cm/cmmi7.p
fb><C:/Program Files/MiKTeX 2.9/fonts/type1/public/amsfonts/cm/cmr10.pfb><C:/Program Files/MiKTeX 2.9/fonts/type1/public
/amsfonts/cm/cmr17.pfb><C:/Program Files/MiKTeX 2.9/fonts/type1/public/amsfonts/cm/cmr7.pfb><C:/Program Files/MiKTeX 2.9
/fonts/type1/public/amsfonts/cm/cmsy10.pfb><C:/Program Files/MiKTeX 2.9/fonts/type1/public/amsfonts/cm/cmsy7.pfb><C:/Pro
gram Files/MiKTeX 2.9/fonts/type1/public/amsfonts/cm/cmtt10.pfb><C:/Program Files/MiKTeX 2.9/fonts/type1/public/cbgreek/
grmn1000.pfb><C:/Program Files/MiKTeX 2.9/fonts/type1/public/cbgreek/grmn1200.pfb><C:/Program Files/MiKTeX 2.9/fonts/typ
e1/public/cbgreek/grmn1728.pfb><C:/Program Files/MiKTeX 2.9/fonts/type1/public/cbgreek/grxn1200.pfb><C:/Program Files/Mi
KTeX 2.9/fonts/type1/public/cbgreek/grxn1728.pfb>
Output written on Derg6.pdf (6 pages, 234544 bytes).
PDF statistics:
 83 PDF objects out of 1000 (max. 8388607)
 0 named destinations out of 1000 (max. 500000)
 31 words of extra memory for PDF output out of 10000 (max. 10000000)

