This is pdfTeX, Version 3.1415926-2.4-1.40.13 (MiKTeX 2.9 64-bit) (preloaded format=pdflatex 2014.5.17)  31 MAR 2015 20:15
entering extended mode
**ergasiaD2.tex
(C:\Users\ŒìŒµœéœÅŒ≥ŒπŒøœÇ\Documents\ergasiaD2\ergasiaD2.tex
LaTeX2e <2011/06/27>
Babel <v3.8m> and hyphenation patterns for english, afrikaans, ancientgreek, arabic, armenian, assamese, basque, bengali
, bokmal, bulgarian, catalan, coptic, croatian, czech, danish, dutch, esperanto, estonian, farsi, finnish, french, galic
ian, german, german-x-2012-05-30, greek, gujarati, hindi, hungarian, icelandic, indonesian, interlingua, irish, italian,
 kannada, kurmanji, latin, latvian, lithuanian, malayalam, marathi, mongolian, mongolianlmc, monogreek, ngerman, ngerman
-x-2012-05-30, nynorsk, oriya, panjabi, pinyin, polish, portuguese, romanian, russian, sanskrit, serbian, slovak, sloven
ian, spanish, swedish, swissgerman, tamil, telugu, turkish, turkmen, ukenglish, ukrainian, uppersorbian, usenglishmax, w
elsh, loaded.
("C:\Program Files\MiKTeX 2.9\tex\latex\base\article.cls"
Document Class: article 2007/10/19 v1.4h Standard LaTeX document class
("C:\Program Files\MiKTeX 2.9\tex\latex\base\size10.clo"
File: size10.clo 2007/10/19 v1.4h Standard LaTeX file (size option)
)
\c@part=\count79
\c@section=\count80
\c@subsection=\count81
\c@subsubsection=\count82
\c@paragraph=\count83
\c@subparagraph=\count84
\c@figure=\count85
\c@table=\count86
\abovecaptionskip=\skip41
\belowcaptionskip=\skip42
\bibindent=\dimen102
) ("C:\Program Files\MiKTeX 2.9\tex\latex\amsmath\amsmath.sty"
Package: amsmath 2013/01/14 v2.14 AMS math features
\@mathmargin=\skip43

For additional information on amsmath, use the `?' option.
("C:\Program Files\MiKTeX 2.9\tex\latex\amsmath\amstext.sty"
Package: amstext 2000/06/29 v2.01
 ("C:\Program Files\MiKTeX 2.9\tex\latex\amsmath\amsgen.sty"
File: amsgen.sty 1999/11/30 v2.0
\@emptytoks=\toks14
\ex@=\dimen103
)) ("C:\Program Files\MiKTeX 2.9\tex\latex\amsmath\amsbsy.sty"
Package: amsbsy 1999/11/29 v1.2d
\pmbraise@=\dimen104
)
("C:\Program Files\MiKTeX 2.9\tex\latex\amsmath\amsopn.sty"
Package: amsopn 1999/12/14 v2.01 operator names
)
\inf@bad=\count87
LaTeX Info: Redefining \frac on input line 210.
\uproot@=\count88
\leftroot@=\count89
LaTeX Info: Redefining \overline on input line 306.
\classnum@=\count90
\DOTSCASE@=\count91
LaTeX Info: Redefining \ldots on input line 378.
LaTeX Info: Redefining \dots on input line 381.
LaTeX Info: Redefining \cdots on input line 466.
\Mathstrutbox@=\box26
\strutbox@=\box27
\big@size=\dimen105
LaTeX Font Info:    Redeclaring font encoding OML on input line 566.
LaTeX Font Info:    Redeclaring font encoding OMS on input line 567.
\macc@depth=\count92
\c@MaxMatrixCols=\count93
\dotsspace@=\muskip10
\c@parentequation=\count94
\dspbrk@lvl=\count95
\tag@help=\toks15
\row@=\count96
\column@=\count97
\maxfields@=\count98
\andhelp@=\toks16
\eqnshift@=\dimen106
\alignsep@=\dimen107
\tagshift@=\dimen108
\tagwidth@=\dimen109
\totwidth@=\dimen110
\lineht@=\dimen111
\@envbody=\toks17
\multlinegap=\skip44
\multlinetaggap=\skip45
\mathdisplay@stack=\toks18
LaTeX Info: Redefining \[ on input line 2665.
LaTeX Info: Redefining \] on input line 2666.
)
("C:\Program Files\MiKTeX 2.9\tex\latex\graphics\graphicx.sty"
Package: graphicx 1999/02/16 v1.0f Enhanced LaTeX Graphics (DPC,SPQR)

("C:\Program Files\MiKTeX 2.9\tex\latex\graphics\keyval.sty"
Package: keyval 1999/03/16 v1.13 key=value parser (DPC)
\KV@toks@=\toks19
)
("C:\Program Files\MiKTeX 2.9\tex\latex\graphics\graphics.sty"
Package: graphics 2009/02/05 v1.0o Standard LaTeX Graphics (DPC,SPQR)
 ("C:\Program Files\MiKTeX 2.9\tex\latex\graphics\trig.sty"
Package: trig 1999/03/16 v1.09 sin cos tan (DPC)
) ("C:\Program Files\MiKTeX 2.9\tex\latex\00miktex\graphics.cfg"
File: graphics.cfg 2007/01/18 v1.5 graphics configuration of teTeX/TeXLive
)
Package graphics Info: Driver file: pdftex.def on input line 91.

("C:\Program Files\MiKTeX 2.9\tex\latex\pdftex-def\pdftex.def"
File: pdftex.def 2011/05/27 v0.06d Graphics/color for pdfTeX

("C:\Program Files\MiKTeX 2.9\tex\generic\oberdiek\infwarerr.sty"
Package: infwarerr 2010/04/08 v1.3 Providing info/warning/error messages (HO)
)
("C:\Program Files\MiKTeX 2.9\tex\generic\oberdiek\ltxcmds.sty"
Package: ltxcmds 2011/11/09 v1.22 LaTeX kernel commands for general use (HO)
)
\Gread@gobject=\count99
))
\Gin@req@height=\dimen112
\Gin@req@width=\dimen113
)
("C:\Program Files\MiKTeX 2.9\tex\generic\babel\babel.sty"
Package: babel 2008/07/08 v3.8m The Babel package

*************************************
* Local config file bblopts.cfg used
*
("C:\Program Files\MiKTeX 2.9\tex\latex\00miktex\bblopts.cfg"
File: bblopts.cfg 2006/07/31 v1.0 MiKTeX 'babel' configuration
)
("C:\Program Files\MiKTeX 2.9\tex\generic\babel\english.ldf"
Language: english 2005/03/30 v3.3o English support from the babel system
 ("C:\Program Files\MiKTeX 2.9\tex\generic\babel\babel.def"
File: babel.def 2008/07/08 v3.8m Babel common definitions
\babel@savecnt=\count100
\U@D=\dimen114
)
\l@canadian = a dialect from \language\l@american 
\l@australian = a dialect from \language\l@british 
\l@newzealand = a dialect from \language\l@british 
) ("C:\Program Files\MiKTeX 2.9\tex\generic\babel\greek.ldf"
Language: greek 2005/03/30 v1.3l Greek support from the babel system
 Loading the definitions for the Greek font encoding
("C:\Program Files\MiKTeX 2.9\tex\generic\babel\lgrenc.def"
File: lgrenc.def 2008/06/17 v2.3 Greek Encoding
))) ("C:\Program Files\MiKTeX 2.9\tex\latex\base\inputenc.sty"
Package: inputenc 2008/03/30 v1.1d Input encoding file
\inpenc@prehook=\toks20
\inpenc@posthook=\toks21
 ("C:\Program Files\MiKTeX 2.9\tex\latex\ucs\utf8x.def"
File: utf8x.def 2004/10/17 UCS: Input encoding UTF-8
)) ("C:\Program Files\MiKTeX 2.9\tex\latex\ucs\ucs.sty"
Package: ucs 2013/05/11 v2.2 UCS: Unicode input support

("C:\Program Files\MiKTeX 2.9\tex\latex\ucs\uni-global.def"
File: uni-global.def 2013/05/13 UCS: Unicode global data
)
\uc@secondtry=\count101
\uc@combtoks=\toks22
\uc@combtoksb=\toks23
\uc@temptokena=\toks24
)
("C:\Program Files\MiKTeX 2.9\tex\latex\listings\listings.sty"
\lst@mode=\count102
\lst@gtempboxa=\box28
\lst@token=\toks25
\lst@length=\count103
\lst@currlwidth=\dimen115
\lst@column=\count104
\lst@pos=\count105
\lst@lostspace=\dimen116
\lst@width=\dimen117
\lst@newlines=\count106
\lst@lineno=\count107
\lst@maxwidth=\dimen118

("C:\Program Files\MiKTeX 2.9\tex\latex\listings\lstmisc.sty"
File: lstmisc.sty 2014/03/04 1.5c (Carsten Heinz)
\c@lstnumber=\count108
\lst@skipnumbers=\count109
\lst@framebox=\box29
)
("C:\Program Files\MiKTeX 2.9\tex\latex\listings\listings.cfg"
File: listings.cfg 2014/03/04 1.5c listings configuration
))
Package: listings 2014/03/04 1.5c (Carsten Heinz)

("C:\Program Files\MiKTeX 2.9\tex\latex\lipsum\lipsum.sty"
Package: lipsum 2014/07/27 v1.3 150 paragraphs of Lorem Ipsum dummy text
\c@lips@count=\count110
) (C:\Users\ŒìŒµœéœÅŒ≥ŒπŒøœÇ\Documents\ergasiaD2\ergasiaD2.aux
LaTeX Font Info:    Try loading font information for LGR+cmr on input line 2.
("C:\Program Files\MiKTeX 2.9\tex\generic\babel\lgrcmr.fd"
File: lgrcmr.fd 2008/06/17 v2.3 Greek Computer Modern
))
LaTeX Font Info:    Checking defaults for OML/cmm/m/it on input line 16.
LaTeX Font Info:    ... okay on input line 16.
LaTeX Font Info:    Checking defaults for T1/cmr/m/n on input line 16.
LaTeX Font Info:    ... okay on input line 16.
LaTeX Font Info:    Checking defaults for OT1/cmr/m/n on input line 16.
LaTeX Font Info:    ... okay on input line 16.
LaTeX Font Info:    Checking defaults for OMS/cmsy/m/n on input line 16.
LaTeX Font Info:    ... okay on input line 16.
LaTeX Font Info:    Checking defaults for OMX/cmex/m/n on input line 16.
LaTeX Font Info:    ... okay on input line 16.
LaTeX Font Info:    Checking defaults for U/cmr/m/n on input line 16.
LaTeX Font Info:    ... okay on input line 16.
LaTeX Font Info:    Checking defaults for LGR/cmr/m/n on input line 16.
LaTeX Font Info:    ... okay on input line 16.
 ("C:\Program Files\MiKTeX 2.9\tex\context\base\supp-pdf.mkii"
[Loading MPS to PDF converter (version 2006.09.02).]
\scratchcounter=\count111
\scratchdimen=\dimen119
\scratchbox=\box30
\nofMPsegments=\count112
\nofMParguments=\count113
\everyMPshowfont=\toks26
\MPscratchCnt=\count114
\MPscratchDim=\dimen120
\MPnumerator=\count115
\makeMPintoPDFobject=\count116
\everyMPtoPDFconversion=\toks27
) ("C:\Program Files\MiKTeX 2.9\tex\latex\ucs\ucsencs.def"
File: ucsencs.def 2011/01/21 Fixes to fontencodings LGR, T3

fontencoding LGR patched
)
\c@lstlisting=\count117
 ("C:\Program Files\MiKTeX 2.9\tex\latex\ucs\uni-3.def"
File: uni-3.def 2013/05/13 UCS: Unicode data U+0300..U+03FF
)
Missing character: There is no õ in font grmn1728!
Missing character: There is no õ in font grmn1728!
Missing character: There is no õ in font grmn1728!
Missing character: There is no õ in font grmn1200!

Underfull \hbox (badness 10000) in paragraph at lines 25--26

 []

Missing character: There is no õ in font grmn1000!
Missing character: There is no õ in font grmn1000!
Missing character: There is no õ in font grmn1000!
("C:\Program Files\MiKTeX 2.9\tex\latex\ucs\uni-0.def"
File: uni-0.def 2013/05/13 UCS: Unicode data U+0000..U+00FF
)
Missing character: There is no õ in font grmn1000!
Missing character: There is no õ in font grmn1000!
Missing character: There is no õ in font grmn1000!
Missing character: There is no õ in font grmn1000!
Missing character: There is no õ in font grmn1000!
 <../../Desktop/1.png, id=1, 286.82156pt x 243.15843pt>
File: ../../Desktop/1.png Graphic file (type png)

<use ../../Desktop/1.png>
Package pdftex.def Info: ../../Desktop/1.png used on input line 32.
(pdftex.def)             Requested size: 137.9979pt x 116.99298pt.
Missing character: There is no õ in font grmn1000!
Missing character: There is no õ in font grmn1000!
Missing character: There is no õ in font grmn1000!
Missing character: There is no õ in font grmn1000!
Missing character: There is no õ in font grmn1000!
Missing character: There is no õ in font grmn1000!
Missing character: There is no õ in font grmn1000!
Missing character: There is no õ in font grmn1000!
Missing character: There is no õ in font grmn1000!
Missing character: There is no õ in font grmn1000!
Missing character: There is no õ in font grmn1000!
Missing character: There is no õ in font grmn1000!
 [1

{C:/ProgramData/MiKTeX/2.9/pdftex/config/pdftex.map} <C:/Users/ŒìŒµœéœÅŒ≥ŒπŒøœÇ/Desktop/1.png>]
Missing character: There is no õ in font grmn1000!
Missing character: There is no õ in font grmn1000!
Missing character: There is no õ in font grmn1000!
Missing character: There is no õ in font grmn1000!
Missing character: There is no õ in font grmn1000!
Missing character: There is no õ in font grmn1000!
Missing character: There is no õ in font grmn1000!
Missing character: There is no õ in font grmn1000!

Underfull \hbox (badness 10000) in paragraph at lines 39--42

 []

<../../Desktop/2.png, id=16, 316.93407pt x 252.19218pt>
File: ../../Desktop/2.png Graphic file (type png)
 <use ../../Desktop/2.png>
Package pdftex.def Info: ../../Desktop/2.png used on input line 45.
(pdftex.def)             Requested size: 137.9979pt x 109.81046pt.
Missing character: There is no õ in font grmn1000!

<../../Desktop/3.png, id=17, 380.17032pt x 261.22594pt>
File: ../../Desktop/3.png Graphic file (type png)
 <use ../../Desktop/3.png>
Package pdftex.def Info: ../../Desktop/3.png used on input line 54.
(pdftex.def)             Requested size: 137.9979pt x 94.82251pt.
Missing character: There is no õ in font grmn1000!
Missing character: There is no õ in font grmn1000!

("C:\Program Files\MiKTeX 2.9\tex\latex\ucs\uni-32.def"
File: uni-32.def 2013/05/13 UCS: Unicode data U+2000..U+20FF
)
Missing character: There is no õ in font grmn1000!
Missing character: There is no õ in font grmn1000!
 <../../Desktop/4.png, id=18, 346.29375pt x 253.69781pt>
File: ../../Desktop/4.png Graphic file (type png)

<use ../../Desktop/4.png>
Package pdftex.def Info: ../../Desktop/4.png used on input line 62.
(pdftex.def)             Requested size: 137.9979pt x 101.10182pt.
 [2 <C:/Users/ŒìŒµœéœÅŒ≥ŒπŒøœÇ/Desktop/2.png> <C:/Users/ŒìŒµœéœÅŒ≥ŒπŒøœÇ/Desktop/3.png> <C:/Users/ŒìŒµœéœÅŒ≥ŒπŒøœÇ/Deskt
op/4.png>]
Missing character: There is no õ in font grxn1000!
Missing character: There is no õ in font grmn1000!
Missing character: There is no õ in font grmn1000!
Missing character: There is no õ in font grmn1000!

Underfull \hbox (badness 10000) in paragraph at lines 67--69

 []

<../../Desktop/5.png, id=22, 376.40625pt x 250.68657pt>
File: ../../Desktop/5.png Graphic file (type png)
 <use ../../Desktop/5.png>
Package pdftex.def Info: ../../Desktop/5.png used on input line 73.
(pdftex.def)             Requested size: 172.5pt x 114.8888pt.

<../../Desktop/6.png, id=23, 419.31656pt x 322.95656pt>
File: ../../Desktop/6.png Graphic file (type png)
 <use ../../Desktop/6.png>
Package pdftex.def Info: ../../Desktop/6.png used on input line 78.
(pdftex.def)             Requested size: 172.5pt x 132.85655pt.
Missing character: There is no õ in font grxn1000!
Missing character: There is no õ in font grxo1000!
Missing character: There is no õ in font grxo1000!

Underfull \hbox (badness 10000) in paragraph at lines 84--86

 []

LaTeX Font Info:    Try loading font information for OMS+cmr on input line 87.
("C:\Program Files\MiKTeX 2.9\tex\latex\base\omscmr.fd"
File: omscmr.fd 1999/05/25 v2.5h Standard LaTeX font definitions
)
LaTeX Font Info:    Font shape `OMS/cmr/m/n' in size <10> not available
(Font)              Font shape `OMS/cmsy/m/n' tried instead on input line 87.
Missing character: There is no õ in font grmn1000!
Missing character: There is no õ in font grmn1000!
Missing character: There is no õ in font grmn1000!
Missing character: There is no õ in font grxn1000!
Missing character: There is no õ in font grmn1000!
Missing character: There is no õ in font grmn1000!
Missing character: There is no õ in font grmn1000!
Missing character: There is no õ in font grmn1000!

Underfull \hbox (badness 10000) in paragraph at lines 87--90

 []

Missing character: There is no õ in font grmn1000!
Missing character: There is no õ in font grmn1000!
Missing character: There is no õ in font grmn1000!
Missing character: There is no õ in font grmn1000!
Missing character: There is no õ in font grxn1000!
Missing character: There is no õ in font grmn1000!
Missing character: There is no õ in font grmn1000!
Missing character: There is no õ in font grmn1000!
Missing character: There is no õ in font grmn1000!
Missing character: There is no õ in font grmn1000!
Missing character: There is no õ in font grmn1000!
Missing character: There is no õ in font grmn1000!

Underfull \hbox (badness 10000) in paragraph at lines 90--93

 []

[3 <C:/Users/ŒìŒµœéœÅŒ≥ŒπŒøœÇ/Desktop/5.png> <C:/Users/ŒìŒµœéœÅŒ≥ŒπŒøœÇ/Desktop/6.png>]
Missing character: There is no õ in font grmn1000!
Missing character: There is no õ in font grmn1000!
Missing character: There is no õ in font grmn1000!
Missing character: There is no õ in font grmn1000!
Missing character: There is no õ in font grmn1000!
Missing character: There is no õ in font grxn1000!
Missing character: There is no õ in font grmn1000!
Missing character: There is no õ in font grmn1000!
Missing character: There is no õ in font grmn1000!
Missing character: There is no õ in font grmn1000!
Missing character: There is no õ in font grmn1000!
Missing character: There is no õ in font grmn1000!
Missing character: There is no õ in font grmn1000!
Missing character: There is no õ in font grmn1000!
Missing character: There is no õ in font grmn1000!
Missing character: There is no õ in font grmn1000!
Missing character: There is no õ in font grmn1000!
Missing character: There is no õ in font grmn1000!
Missing character: There is no õ in font grmn1000!
Missing character: There is no õ in font grmn1000!
Missing character: There is no õ in font grmn1000!
Missing character: There is no õ in font grmn1000!
Missing character: There is no õ in font grmn1000!
Missing character: There is no õ in font grmn1000!
Missing character: There is no õ in font grmn1000!
Missing character: There is no õ in font grmn1000!
Missing character: There is no õ in font grmn1000!

Underfull \hbox (badness 10000) in paragraph at lines 93--96

 []

Missing character: There is no õ in font grmn1000!
Missing character: There is no õ in font grmn1000!
Missing character: There is no õ in font grmn1000!
Missing character: There is no õ in font grxn1000!
Missing character: There is no õ in font grmn1000!
Missing character: There is no õ in font grmn1000!
Missing character: There is no õ in font grmn1000!
Missing character: There is no õ in font grmn1000!
Missing character: There is no õ in font grmn1000!
Missing character: There is no õ in font grmn1000!
Missing character: There is no õ in font grmn1000!
Missing character: There is no õ in font grmn1000!
Missing character: There is no õ in font grmn1000!
Missing character: There is no õ in font grmn1000!
Missing character: There is no õ in font grmn1000!
Missing character: There is no õ in font grmn1000!
Missing character: There is no õ in font grmn1000!
Missing character: There is no õ in font grmn1000!
Missing character: There is no õ in font grmn1000!
Missing character: There is no õ in font grmn1000!
Missing character: There is no õ in font grmn1000!
Missing character: There is no õ in font grmn1000!
Missing character: There is no õ in font grmn1000!
Missing character: There is no õ in font grmn1000!
Missing character: There is no õ in font grmn1000!
Missing character: There is no õ in font grmn1000!
Missing character: There is no õ in font grmn1000!
Missing character: There is no õ in font grmn1000!
Missing character: There is no õ in font grmn1000!
Missing character: There is no õ in font grmn1000!
Missing character: There is no õ in font grmn1000!
Missing character: There is no õ in font grmn1000!
Missing character: There is no õ in font grmn1000!

Underfull \hbox (badness 10000) in paragraph at lines 97--100

 []


Underfull \hbox (badness 10000) in paragraph at lines 97--100

 []

Missing character: There is no õ in font grmn1000!
Missing character: There is no õ in font grmn1000!
Missing character: There is no õ in font grmn1000!
Missing character: There is no õ in font grmn1000!
Missing character: There is no õ in font grmn1000!
Missing character: There is no õ in font grxn1000!
Missing character: There is no õ in font grmn1000!
Missing character: There is no õ in font grmn1000!

Underfull \hbox (badness 10000) in paragraph at lines 100--103

 []

[4]
Missing character: There is no õ in font grmn1000!
Missing character: There is no õ in font grmn1000!
Missing character: There is no õ in font grmn1000!
Missing character: There is no õ in font grmn1000!
Missing character: There is no õ in font grmn1000!
Missing character: There is no õ in font grmn1000!
Missing character: There is no õ in font grmn1000!
Missing character: There is no õ in font grmn1000!
Missing character: There is no õ in font grmn1000!
Missing character: There is no õ in font grmn1000!
Missing character: There is no õ in font grxn1000!
Missing character: There is no õ in font grmn1000!
Missing character: There is no õ in font grmn1000!
Missing character: There is no õ in font grmn1000!
Missing character: There is no õ in font grmn1000!
Missing character: There is no õ in font grmn1000!
Missing character: There is no õ in font grmn1000!
Missing character: There is no õ in font grmn1000!
Missing character: There is no õ in font grmn1000!
Missing character: There is no õ in font grmn1000!
Missing character: There is no õ in font grmn1000!
Missing character: There is no õ in font grmn1000!
Missing character: There is no õ in font grmn1000!
Missing character: There is no õ in font grmn1000!
Missing character: There is no õ in font grmn1000!
Missing character: There is no õ in font grmn1000!
Missing character: There is no õ in font grmn1000!
Missing character: There is no õ in font grmn1000!

Underfull \hbox (badness 10000) in paragraph at lines 103--107

 []

Missing character: There is no õ in font grxn1000!

Underfull \hbox (badness 10000) in paragraph at lines 110--111

 []

Missing character: There is no õ in font grmn1000!
Missing character: There is no õ in font grmn1000!
Missing character: There is no õ in font grmn1000!
Missing character: There is no õ in font grmn1000!
Missing character: There is no õ in font grmn1000!
Missing character: There is no õ in font grmn1000!
Missing character: There is no õ in font grmn1000!
Missing character: There is no õ in font grmn1000!
Missing character: There is no õ in font grmn1000!

Underfull \hbox (badness 10000) in paragraph at lines 112--116

 []

[5]
Missing character: There is no õ in font grmn1000!
Missing character: There is no õ in font grmn1000!
Missing character: There is no õ in font grmn1000!
Missing character: There is no õ in font grmn1000!
Missing character: There is no õ in font grmn1000!
Missing character: There is no õ in font grmn1000!
Missing character: There is no õ in font grmn1000!
Missing character: There is no õ in font grmn1000!
Missing character: There is no õ in font grmn1000!
Missing character: There is no õ in font grmn1000!
Missing character: There is no õ in font grmn1000!
Missing character: There is no õ in font grmn1000!
 <../../Desktop/7.png, id=35, 330.48468pt x 295.1025pt>
File: ../../Desktop/7.png Graphic file (type png)
 <use ../../Desktop/7.png>
Package pdftex.def Info: ../../Desktop/7.png used on input line 122.
(pdftex.def)             Requested size: 137.9979pt x 123.22623pt.
Missing character: There is no õ in font grmn1000!
Missing character: There is no õ in font grmn1000!
Missing character: There is no õ in font grmn1000!
Missing character: There is no õ in font grmn1000!
Missing character: There is no õ in font grmn1000!
Missing character: There is no õ in font grmn1000!
Missing character: There is no õ in font grmn1000!
Missing character: There is no õ in font grmn1000!
Missing character: There is no õ in font grmn1000!
Missing character: There is no õ in font grmn1000!
Missing character: There is no õ in font grmn1000!
Missing character: There is no õ in font grmn1000!
Missing character: There is no õ in font grmn1000!
Missing character: There is no õ in font grmn1000!

<../../Desktop/8.png, id=36, 356.83313pt x 297.36093pt>
File: ../../Desktop/8.png Graphic file (type png)
 <use ../../Desktop/8.png>
Package pdftex.def Info: ../../Desktop/8.png used on input line 131.
(pdftex.def)             Requested size: 172.5pt x 143.74799pt.

Underfull \hbox (badness 10000) in paragraph at lines 126--134

 []

[6 <C:/Users/ŒìŒµœéœÅŒ≥ŒπŒøœÇ/Desktop/7.png> <C:/Users/ŒìŒµœéœÅŒ≥ŒπŒøœÇ/Desktop/8.png>]
Missing character: There is no õ in font grxn1000!
Missing character: There is no õ in font grxo1000!
Missing character: There is no õ in font grxo1000!

Underfull \hbox (badness 10000) in paragraph at lines 137--139

 []

Missing character: There is no õ in font grmn1000!
Missing character: There is no õ in font grmn1000!
Missing character: There is no õ in font grmn1000!
Missing character: There is no õ in font grxn1000!
Missing character: There is no õ in font grmn1000!
Missing character: There is no õ in font grmn1000!
Missing character: There is no õ in font grmn1000!
Missing character: There is no õ in font grmn1000!
Missing character: There is no õ in font grmn1000!
Missing character: There is no õ in font grmn1000!
Missing character: There is no õ in font grmn1000!
Missing character: There is no õ in font grmn1000!
Missing character: There is no õ in font grmn1000!
Missing character: There is no õ in font grmn1000!
Missing character: There is no õ in font grmn1000!
Missing character: There is no õ in font grmn1000!
Missing character: There is no õ in font grmn1000!

Underfull \hbox (badness 10000) in paragraph at lines 140--143

 []

Missing character: There is no õ in font grmn1000!
Missing character: There is no õ in font grmn1000!
Missing character: There is no õ in font grmn1000!
Missing character: There is no õ in font grmn1000!
Missing character: There is no õ in font grmn1000!
Missing character: There is no õ in font grmn1000!
Missing character: There is no õ in font grxn1000!
Missing character: There is no õ in font grmn1000!
Missing character: There is no õ in font grmn1000!
Missing character: There is no õ in font grmn1000!
Missing character: There is no õ in font grmn1000!
Missing character: There is no õ in font grmn1000!
Missing character: There is no õ in font grmn1000!
Missing character: There is no õ in font grmn1000!
Missing character: There is no õ in font grmn1000!
Missing character: There is no õ in font grmn1000!

Underfull \hbox (badness 10000) in paragraph at lines 143--146

 []

Missing character: There is no õ in font grmn1000!
Missing character: There is no õ in font grmn1000!
Missing character: There is no õ in font grxn1000!
Missing character: There is no õ in font grmn1000!
Missing character: There is no õ in font grmn1000!
Missing character: There is no õ in font grmn1000!

Underfull \hbox (badness 10000) in paragraph at lines 146--148

 []

Missing character: There is no õ in font grxn1000!
Missing character: There is no õ in font grxn1000!
Missing character: There is no õ in font grxn1000!
Missing character: There is no õ in font grmn1000!
Missing character: There is no õ in font grmn1000!
Missing character: There is no õ in font grmn1000!
<../../Desktop/9.png, id=40, 425.33907pt x 304.88907pt>
File: ../../Desktop/9.png Graphic file (type png)
 <use ../../Desktop/9.png>
Package pdftex.def Info: ../../Desktop/9.png used on input line 156.
(pdftex.def)             Requested size: 189.75105pt x 136.01714pt.
 [7 <C:/Users/ŒìŒµœéœÅŒ≥ŒπŒøœÇ/Desktop/9.png>]
Missing character: There is no õ in font grxn1000!

Underfull \hbox (badness 10000) in paragraph at lines 162--163

 []

Missing character: There is no õ in font grmn1000!
Missing character: There is no õ in font grmn1000!
Missing character: There is no õ in font grmn1000!
Missing character: There is no õ in font grmn1000!
Missing character: There is no õ in font grmn1000!
Missing character: There is no õ in font grxn1000!
Missing character: There is no õ in font grmn1000!
Missing character: There is no õ in font grmn1000!
Missing character: There is no õ in font grmn1000!
Missing character: There is no õ in font grmn1000!
Missing character: There is no õ in font grmn1000!

Underfull \hbox (badness 10000) in paragraph at lines 164--166

 []

Missing character: There is no õ in font grmn1000!
Missing character: There is no õ in font grmn1000!
Missing character: There is no õ in font grmn1000!
Missing character: There is no õ in font grmn1000!
Missing character: There is no õ in font grmn1000!
Missing character: There is no õ in font grmn1000!
Missing character: There is no õ in font grxn1000!
Missing character: There is no õ in font grmn1000!
Missing character: There is no õ in font grmn1000!
Missing character: There is no õ in font grmn1000!
Missing character: There is no õ in font grmn1000!
Missing character: There is no õ in font grmn1000!
Missing character: There is no õ in font grmn1000!
Missing character: There is no õ in font grmn1000!
<../../Desktop/10.png, id=45, 777.65532pt x 440.39531pt>
File: ../../Desktop/10.png Graphic file (type png)
 <use ../../Desktop/10.png>
Package pdftex.def Info: ../../Desktop/10.png used on input line 177.
(pdftex.def)             Requested size: 155.24895pt x 87.91621pt.

<../../Desktop/11.png, id=46, 763.35187pt x 441.14813pt>
File: ../../Desktop/11.png Graphic file (type png)
 <use ../../Desktop/11.png>
Package pdftex.def Info: ../../Desktop/11.png used on input line 182.
(pdftex.def)             Requested size: 155.24895pt x 89.71568pt.
Missing character: There is no õ in font grmn1000!
Missing character: There is no õ in font grmn1000!
Missing character: There is no õ in font grmn1000!
Missing character: There is no õ in font grmn1000!
Missing character: There is no õ in font grmn1000!
Missing character: There is no õ in font grmn1000!
Missing character: There is no õ in font grmn1000!
Missing character: There is no õ in font grxn1000!
Missing character: There is no õ in font grmn1000!
Missing character: There is no õ in font grmn1000!
Missing character: There is no õ in font grmn1000!
Missing character: There is no õ in font grmn1000!
Missing character: There is no õ in font grmn1000!
Missing character: There is no õ in font grmn1000!
Missing character: There is no õ in font grmn1000!
Missing character: There is no õ in font grmn1000!
Missing character: There is no õ in font grmn1000!

<../../Desktop/12.png, id=47, 430.60875pt x 359.09157pt>
File: ../../Desktop/12.png Graphic file (type png)
 <use ../../Desktop/12.png>
Package pdftex.def Info: ../../Desktop/12.png used on input line 195.
(pdftex.def)             Requested size: 172.5pt x 143.85324pt.
 [8 <C:/Users/ŒìŒµœéœÅŒ≥ŒπŒøœÇ/Desktop/10.png> <C:/Users/ŒìŒµœéœÅŒ≥ŒπŒøœÇ/Desktop/11.png>]
Missing character: There is no õ in font grmn1000!
Missing character: There is no õ in font grmn1000!
Missing character: There is no õ in font grmn1000!
Missing character: There is no õ in font grmn1000!
Missing character: There is no õ in font grmn1000!
Missing character: There is no õ in font grmn1000!
Missing character: There is no õ in font grmn1000!
Missing character: There is no õ in font grxn1000!
Missing character: There is no õ in font grmn1000!
Missing character: There is no õ in font grmn1000!
Missing character: There is no õ in font grmn1000!
Missing character: There is no õ in font grmn1000!
Missing character: There is no õ in font grmn1000!
Missing character: There is no õ in font grmn1000!
Missing character: There is no õ in font grmn1000!
Missing character: There is no õ in font grmn1000!
Missing character: There is no õ in font grmn1000!
Missing character: There is no õ in font grmn1000!
Missing character: There is no õ in font grmn1000!
Missing character: There is no õ in font grmn1000!
Missing character: There is no õ in font grmn1000!
Missing character: There is no õ in font grmn1000!
Missing character: There is no õ in font grmn1000!
Missing character: There is no õ in font grmn1000!
Missing character: There is no õ in font grmn1000!

Underfull \hbox (badness 10000) in paragraph at lines 199--202

 []

[9 <C:/Users/ŒìŒµœéœÅŒ≥ŒπŒøœÇ/Desktop/12.png>] (C:\Users\ŒìŒµœéœÅŒ≥ŒπŒøœÇ\Documents\ergasiaD2\ergasiaD2.aux) ) 
Here is how much of TeX's memory you used:
 5525 strings out of 493921
 74890 string characters out of 3147249
 227817 words of memory out of 3000000
 8760 multiletter control sequences out of 15000+200000
 12018 words of font info for 35 fonts, out of 3000000 for 9000
 841 hyphenation exceptions out of 8191
 27i,7n,32p,2089b,478s stack positions out of 5000i,500n,10000p,200000b,50000s
<C:/Progra
m Files/MiKTeX 2.9/fonts/type1/public/amsfonts/cm/cmbx10.pfb><C:/Program Files/MiKTeX 2.9/fonts/type1/public/amsfonts/cm
/cmmi10.pfb><C:/Program Files/MiKTeX 2.9/fonts/type1/public/amsfonts/cm/cmmi7.pfb><C:/Program Files/MiKTeX 2.9/fonts/typ
e1/public/amsfonts/cm/cmr10.pfb><C:/Program Files/MiKTeX 2.9/fonts/type1/public/amsfonts/cm/cmr7.pfb><C:/Program Files/M
iKTeX 2.9/fonts/type1/public/amsfonts/cm/cmsy10.pfb><C:/Program Files/MiKTeX 2.9/fonts/type1/public/amsfonts/cm/cmsy7.pf
b><C:/Program Files/MiKTeX 2.9/fonts/type1/public/cbgreek/grmn1000.pfb><C:/Program Files/MiKTeX 2.9/fonts/type1/public/c
bgreek/grmn1200.pfb><C:/Program Files/MiKTeX 2.9/fonts/type1/public/cbgreek/grmn1728.pfb><C:/Program Files/MiKTeX 2.9/fo
nts/type1/public/cbgreek/grxn1000.pfb><C:/Program Files/MiKTeX 2.9/fonts/type1/public/cbgreek/grxo1000.pfb>
Output written on ergasiaD2.pdf (9 pages, 264676 bytes).
PDF statistics:
 92 PDF objects out of 1000 (max. 8388607)
 0 named destinations out of 1000 (max. 500000)
 61 words of extra memory for PDF output out of 10000 (max. 10000000)

